# JRE version: OpenJDK Runtime Environment (17.0.6) (build 17.0.6+0-b2043.56-9586694)
# Java VM: OpenJDK 64-Bit Server VM (17.0.6+0-b2043.56-9586694, mixed mode, tiered, compressed oops, compressed class ptrs, g1 gc, windows-amd64)
GC Precious Log:
 CPUs: 4 total, 4 available
 Memory: 16281M
 Large Page Support: Disabled
 NUMA Support: Disabled
 Compressed Oops: Enabled (32-bit)
 Heap Region Size: 1M
 Heap Min Capacity: 8M
 Heap Initial Capacity: 256M
 Heap Max Capacity: 2G
 Pre-touch: Disabled
 Parallel Workers: 4
 Concurrent Workers: 1
 Concurrent Refinement Workers: 4
 Periodic GC: Disabled
Heap:
 garbage-first heap   total 263168K, used 198656K [0x0000000080000000, 0x0000000100000000)
  region size 1024K, 2 young (2048K), 2 survivors (2048K)
 Metaspace       used 122759K, committed 123584K, reserved 1163264K
  class space    used 16335K, committed 16768K, reserved 1048576K
GC Heap History (20 events):
Event: 151.204 GC heap after
{Heap after GC invocations=77 (full 0):
 garbage-first heap   total 232448K, used 136700K [0x0000000080000000, 0x0000000100000000)
  region size 1024K, 3 young (3072K), 3 survivors (3072K)
 Metaspace       used 111589K, committed 112384K, reserved 1146880K
  class space    used 14781K, committed 15168K, reserved 1048576K
}
Event: 151.545 GC heap before
{Heap before GC invocations=77 (full 0):
 garbage-first heap   total 232448K, used 144892K [0x0000000080000000, 0x0000000100000000)
  region size 1024K, 11 young (11264K), 3 survivors (3072K)
 Metaspace       used 111915K, committed 112704K, reserved 1146880K
  class space    used 14807K, committed 15168K, reserved 1048576K
}
Event: 151.565 GC heap after
{Heap after GC invocations=78 (full 0):
 garbage-first heap   total 232448K, used 118851K [0x0000000080000000, 0x0000000100000000)
  region size 1024K, 2 young (2048K), 2 survivors (2048K)
 Metaspace       used 111915K, committed 112704K, reserved 1146880K
  class space    used 14807K, committed 15168K, reserved 1048576K
}
Event: 153.116 GC heap before
{Heap before GC invocations=78 (full 0):
 garbage-first heap   total 232448K, used 178243K [0x0000000080000000, 0x0000000100000000)
  region size 1024K, 60 young (61440K), 2 survivors (2048K)
 Metaspace       used 112639K, committed 113408K, reserved 1155072K
  class space    used 14853K, committed 15232K, reserved 1048576K
}
Event: 153.128 GC heap after
{Heap after GC invocations=79 (full 0):
 garbage-first heap   total 232448K, used 124741K [0x0000000080000000, 0x0000000100000000)
  region size 1024K, 8 young (8192K), 8 survivors (8192K)
 Metaspace       used 112639K, committed 113408K, reserved 1155072K
  class space    used 14853K, committed 15232K, reserved 1048576K
}
Event: 157.298 GC heap before
{Heap before GC invocations=80 (full 0):
 garbage-first heap   total 232448K, used 182085K [0x0000000080000000, 0x0000000100000000)
  region size 1024K, 65 young (66560K), 8 survivors (8192K)
 Metaspace       used 114800K, committed 115712K, reserved 1155072K
  class space    used 15108K, committed 15552K, reserved 1048576K
}
Event: 157.306 GC heap after
{Heap after GC invocations=81 (full 0):
 garbage-first heap   total 232448K, used 122014K [0x0000000080000000, 0x0000000100000000)
  region size 1024K, 2 young (2048K), 2 survivors (2048K)
 Metaspace       used 114800K, committed 115712K, reserved 1155072K
  class space    used 15108K, committed 15552K, reserved 1048576K
}
Event: 157.926 GC heap before
{Heap before GC invocations=81 (full 0):
 garbage-first heap   total 232448K, used 131230K [0x0000000080000000, 0x0000000100000000)
  region size 1024K, 11 young (11264K), 2 survivors (2048K)
 Metaspace       used 114947K, committed 115840K, reserved 1155072K
  class space    used 15127K, committed 15552K, reserved 1048576K
}
Event: 157.938 GC heap after
{Heap after GC invocations=82 (full 0):
 garbage-first heap   total 232448K, used 122259K [0x0000000080000000, 0x0000000100000000)
  region size 1024K, 2 young (2048K), 2 survivors (2048K)
 Metaspace       used 114947K, committed 115840K, reserved 1155072K
  class space    used 15127K, committed 15552K, reserved 1048576K
}
Event: 163.580 GC heap before
{Heap before GC invocations=82 (full 0):
 garbage-first heap   total 232448K, used 218515K [0x0000000080000000, 0x0000000100000000)
  region size 1024K, 59 young (60416K), 2 survivors (2048K)
 Metaspace       used 120062K, committed 120896K, reserved 1155072K
  class space    used 15827K, committed 16256K, reserved 1048576K
}
Event: 163.592 GC heap after
{Heap after GC invocations=83 (full 0):
 garbage-first heap   total 233472K, used 154783K [0x0000000080000000, 0x0000000100000000)
  region size 1024K, 9 young (9216K), 9 survivors (9216K)
 Metaspace       used 120062K, committed 120896K, reserved 1155072K
  class space    used 15827K, committed 16256K, reserved 1048576K
}
Event: 165.471 GC heap before
{Heap before GC invocations=83 (full 0):
 garbage-first heap   total 233472K, used 191647K [0x0000000080000000, 0x0000000100000000)
  region size 1024K, 45 young (46080K), 9 survivors (9216K)
 Metaspace       used 120127K, committed 120960K, reserved 1155072K
  class space    used 15827K, committed 16256K, reserved 1048576K
}
Event: 165.502 GC heap after
{Heap after GC invocations=84 (full 0):
 garbage-first heap   total 233472K, used 169018K [0x0000000080000000, 0x0000000100000000)
  region size 1024K, 6 young (6144K), 6 survivors (6144K)
 Metaspace       used 120127K, committed 120960K, reserved 1155072K
  class space    used 15827K, committed 16256K, reserved 1048576K
}
Event: 167.185 GC heap before
{Heap before GC invocations=84 (full 0):
 garbage-first heap   total 233472K, used 192570K [0x0000000080000000, 0x0000000100000000)
  region size 1024K, 29 young (29696K), 6 survivors (6144K)
 Metaspace       used 122630K, committed 123456K, reserved 1163264K
  class space    used 16334K, committed 16768K, reserved 1048576K
}
Event: 167.215 GC heap after
{Heap after GC invocations=85 (full 0):
 garbage-first heap   total 233472K, used 179072K [0x0000000080000000, 0x0000000100000000)
  region size 1024K, 4 young (4096K), 4 survivors (4096K)
 Metaspace       used 122630K, committed 123456K, reserved 1163264K
  class space    used 16334K, committed 16768K, reserved 1048576K
}
Event: 167.535 GC heap before
{Heap before GC invocations=85 (full 0):
 garbage-first heap   total 233472K, used 195456K [0x0000000080000000, 0x0000000100000000)
  region size 1024K, 21 young (21504K), 4 survivors (4096K)
 Metaspace       used 122743K, committed 123584K, reserved 1163264K
  class space    used 16335K, committed 16768K, reserved 1048576K
}
Event: 167.565 GC heap after
{Heap after GC invocations=86 (full 0):
 garbage-first heap   total 233472K, used 188416K [0x0000000080000000, 0x0000000100000000)
  region size 1024K, 3 young (3072K), 3 survivors (3072K)
 Metaspace       used 122743K, committed 123584K, reserved 1163264K
  class space    used 16335K, committed 16768K, reserved 1048576K
}
Event: 167.795 GC heap before
{Heap before GC invocations=86 (full 0):
 garbage-first heap   total 233472K, used 198656K [0x0000000080000000, 0x0000000100000000)
  region size 1024K, 13 young (13312K), 3 survivors (3072K)
 Metaspace       used 122749K, committed 123584K, reserved 1163264K
  class space    used 16335K, committed 16768K, reserved 1048576K
}
Event: 167.816 GC heap after
{Heap after GC invocations=87 (full 0):
 garbage-first heap   total 233472K, used 194011K [0x0000000080000000, 0x0000000100000000)
  region size 1024K, 2 young (2048K), 2 survivors (2048K)
 Metaspace       used 122749K, committed 123584K, reserved 1163264K
  class space    used 16335K, committed 16768K, reserved 1048576K
}
Event: 167.988 GC heap before
{Heap before GC invocations=87 (full 0):
 garbage-first heap   total 233472K, used 203227K [0x0000000080000000, 0x0000000100000000)
  region size 1024K, 11 young (11264K), 2 survivors (2048K)
 Metaspace       used 122759K, committed 123584K, reserved 1163264K
  class space    used 16335K, committed 16768K, reserved 1048576K
}

